<?xml version="1.0" encoding="UTF-8"?>
<testsuite xmlns:xsi="http://www.w3.org/2001/XMLSchema-instance" xsi:noNamespaceSchemaLocation="https://maven.apache.org/surefire/maven-surefire-plugin/xsd/surefire-test-report.xsd" version="3.0.2" name="com.orbit.care.care_orbit_hub.controller.PatientControllerIntegrationTest" time="0.825" tests="13" errors="3" skipped="0" failures="1">
  <properties>
[...]
</properties>
  <testcase name="deletePatientWithRandomId" classname="com.orbit.care.care_orbit_hub.controller.PatientControllerIntegrationTest" time="0.02">
    <system-out><![CDATA[2024-09-26T10:36:07.533+05:30  INFO 1304 --- [           main] t.c.s.AnnotationConfigContextLoaderUtils : Could not detect default configuration classes for test class [com.orbit.care.care_orbit_hub.controller.PatientControllerIntegrationTest]: PatientControllerIntegrationTest does not declare any static, non-private, non-final, nested classes annotated with @Configuration.
2024-09-26T10:36:07.536+05:30  INFO 1304 --- [           main] .b.t.c.SpringBootTestContextBootstrapper : Found @SpringBootConfiguration com.orbit.care.care_orbit_hub.CareOrbitApplication for test class com.orbit.care.care_orbit_hub.controller.PatientControllerIntegrationTest
2024-09-26T10:36:07.549+05:30  INFO 1304 --- [           main] o.s.b.t.m.w.SpringBootMockServletContext : Initializing Spring TestDispatcherServlet ''
2024-09-26T10:36:07.550+05:30  INFO 1304 --- [           main] o.s.t.web.servlet.TestDispatcherServlet  : Initializing Servlet ''
2024-09-26T10:36:07.551+05:30  INFO 1304 --- [           main] o.s.t.web.servlet.TestDispatcherServlet  : Completed initialization in 1 ms
]]></system-out>
  </testcase>
  <testcase name="deletePatient" classname="com.orbit.care.care_orbit_hub.controller.PatientControllerIntegrationTest" time="0.012">
    <system-out><![CDATA[2024-09-26T10:36:07.565+05:30  INFO 1304 --- [           main] o.s.b.t.m.w.SpringBootMockServletContext : Initializing Spring TestDispatcherServlet ''
2024-09-26T10:36:07.565+05:30  INFO 1304 --- [           main] o.s.t.web.servlet.TestDispatcherServlet  : Initializing Servlet ''
2024-09-26T10:36:07.566+05:30  INFO 1304 --- [           main] o.s.t.web.servlet.TestDispatcherServlet  : Completed initialization in 1 ms
]]></system-out>
  </testcase>
  <testcase name="listAllPatientsByMultipleQueryParams" classname="com.orbit.care.care_orbit_hub.controller.PatientControllerIntegrationTest" time="0.62">
    <system-out><![CDATA[2024-09-26T10:36:07.578+05:30  INFO 1304 --- [           main] o.s.b.t.m.w.SpringBootMockServletContext : Initializing Spring TestDispatcherServlet ''
2024-09-26T10:36:07.579+05:30  INFO 1304 --- [           main] o.s.t.web.servlet.TestDispatcherServlet  : Initializing Servlet ''
2024-09-26T10:36:07.580+05:30  INFO 1304 --- [           main] o.s.t.web.servlet.TestDispatcherServlet  : Completed initialization in 1 ms
]]></system-out>
  </testcase>
  <testcase name="listAllPatients" classname="com.orbit.care.care_orbit_hub.controller.PatientControllerIntegrationTest" time="0.02">
    <error message="failed to lazily initialize a collection of role: com.orbit.care.care_orbit_hub.entity.PatientEntity.appointmentSet: could not initialize proxy - no Session" type="org.hibernate.LazyInitializationException"><![CDATA[org.hibernate.LazyInitializationException: failed to lazily initialize a collection of role: com.orbit.care.care_orbit_hub.entity.PatientEntity.appointmentSet: could not initialize proxy - no Session
	at org.hibernate.collection.spi.AbstractPersistentCollection.throwLazyInitializationException(AbstractPersistentCollection.java:636)
	at org.hibernate.collection.spi.AbstractPersistentCollection.withTemporarySessionIfNeeded(AbstractPersistentCollection.java:219)
	at org.hibernate.collection.spi.AbstractPersistentCollection.readSize(AbstractPersistentCollection.java:150)
	at org.hibernate.collection.spi.PersistentSet.size(PersistentSet.java:148)
	at com.orbit.care.care_orbit_hub.mapper.PatientsMapperImpl.medicalAppointmentEntitySetToAppointmentDTOSet(PatientsMapperImpl.java:178)
	at com.orbit.care.care_orbit_hub.mapper.PatientsMapperImpl.mapPatientEntityToPatientDTO(PatientsMapperImpl.java:69)
	at java.base/java.util.stream.ReferencePipeline$3$1.accept(ReferencePipeline.java:212)
	at java.base/java.util.ArrayList$Itr.forEachRemaining(ArrayList.java:1086)
	at java.base/java.util.Spliterators$IteratorSpliterator.forEachRemaining(Spliterators.java:1939)
	at java.base/java.util.stream.AbstractPipeline.copyInto(AbstractPipeline.java:556)
	at java.base/java.util.stream.AbstractPipeline.wrapAndCopyInto(AbstractPipeline.java:546)
	at java.base/java.util.stream.ReduceOps$ReduceOp.evaluateSequential(ReduceOps.java:921)
	at java.base/java.util.stream.AbstractPipeline.evaluate(AbstractPipeline.java:265)
	at java.base/java.util.stream.ReferencePipeline.collect(ReferencePipeline.java:702)
	at org.springframework.data.domain.Chunk.getConvertedContent(Chunk.java:121)
	at org.springframework.data.domain.PageImpl.map(PageImpl.java:86)
	at com.orbit.care.care_orbit_hub.service.PatientServiceJpaImpl.listPatients(PatientServiceJpaImpl.java:50)
	at com.orbit.care.care_orbit_hub.controller.PatientController.listAllPatients(PatientController.java:43)
	at com.orbit.care.care_orbit_hub.controller.PatientControllerIntegrationTest.listAllPatients(PatientControllerIntegrationTest.java:61)
	at java.base/java.lang.reflect.Method.invoke(Method.java:580)
	at java.base/java.util.ArrayList.forEach(ArrayList.java:1597)
	at java.base/java.util.ArrayList.forEach(ArrayList.java:1597)
]]></error>
    <system-out><![CDATA[2024-09-26T10:36:08.199+05:30  INFO 1304 --- [           main] o.s.b.t.m.w.SpringBootMockServletContext : Initializing Spring TestDispatcherServlet ''
2024-09-26T10:36:08.200+05:30  INFO 1304 --- [           main] o.s.t.web.servlet.TestDispatcherServlet  : Initializing Servlet ''
2024-09-26T10:36:08.202+05:30  INFO 1304 --- [           main] o.s.t.web.servlet.TestDispatcherServlet  : Completed initialization in 2 ms
]]></system-out>
  </testcase>
  <testcase name="getPatientById" classname="com.orbit.care.care_orbit_hub.controller.PatientControllerIntegrationTest" time="0.019">
    <error message="failed to lazily initialize a collection of role: com.orbit.care.care_orbit_hub.entity.PatientEntity.appointmentSet: could not initialize proxy - no Session" type="org.hibernate.LazyInitializationException"><![CDATA[org.hibernate.LazyInitializationException: failed to lazily initialize a collection of role: com.orbit.care.care_orbit_hub.entity.PatientEntity.appointmentSet: could not initialize proxy - no Session
	at org.hibernate.collection.spi.AbstractPersistentCollection.throwLazyInitializationException(AbstractPersistentCollection.java:636)
	at org.hibernate.collection.spi.AbstractPersistentCollection.withTemporarySessionIfNeeded(AbstractPersistentCollection.java:219)
	at org.hibernate.collection.spi.AbstractPersistentCollection.initialize(AbstractPersistentCollection.java:615)
	at org.hibernate.collection.spi.AbstractPersistentCollection.read(AbstractPersistentCollection.java:138)
	at org.hibernate.collection.spi.PersistentSet.toString(PersistentSet.java:297)
	at java.base/java.lang.String.valueOf(String.java:4507)
	at com.orbit.care.care_orbit_hub.entity.PatientEntity.toString(PatientEntity.java:21)
	at java.base/java.lang.String.valueOf(String.java:4507)
	at java.base/java.lang.StringBuilder.append(StringBuilder.java:173)
	at java.base/java.util.Optional.toString(Optional.java:457)
	at com.orbit.care.care_orbit_hub.service.PatientServiceJpaImpl.getPatient(PatientServiceJpaImpl.java:34)
	at com.orbit.care.care_orbit_hub.controller.PatientController.getPatientById(PatientController.java:49)
	at com.orbit.care.care_orbit_hub.controller.PatientControllerIntegrationTest.getPatientById(PatientControllerIntegrationTest.java:114)
	at java.base/java.lang.reflect.Method.invoke(Method.java:580)
	at java.base/java.util.ArrayList.forEach(ArrayList.java:1597)
	at java.base/java.util.ArrayList.forEach(ArrayList.java:1597)
]]></error>
    <system-out><![CDATA[2024-09-26T10:36:08.224+05:30  INFO 1304 --- [           main] o.s.b.t.m.w.SpringBootMockServletContext : Initializing Spring TestDispatcherServlet ''
2024-09-26T10:36:08.225+05:30  INFO 1304 --- [           main] o.s.t.web.servlet.TestDispatcherServlet  : Initializing Servlet ''
2024-09-26T10:36:08.227+05:30  INFO 1304 --- [           main] o.s.t.web.servlet.TestDispatcherServlet  : Completed initialization in 1 ms
]]></system-out>
  </testcase>
  <testcase name="getPatientByIdExceptionCase" classname="com.orbit.care.care_orbit_hub.controller.PatientControllerIntegrationTest" time="0.009">
    <system-out><![CDATA[2024-09-26T10:36:08.245+05:30  INFO 1304 --- [           main] o.s.b.t.m.w.SpringBootMockServletContext : Initializing Spring TestDispatcherServlet ''
2024-09-26T10:36:08.245+05:30  INFO 1304 --- [           main] o.s.t.web.servlet.TestDispatcherServlet  : Initializing Servlet ''
2024-09-26T10:36:08.246+05:30  INFO 1304 --- [           main] o.s.t.web.servlet.TestDispatcherServlet  : Completed initialization in 1 ms
2024-09-26T10:36:08.250+05:30  INFO 1304 --- [           main] c.o.c.c.service.PatientServiceJpaImpl    : ---Optional.empty
]]></system-out>
  </testcase>
  <testcase name="listAllPatientsEmptyList" classname="com.orbit.care.care_orbit_hub.controller.PatientControllerIntegrationTest" time="0.015">
    <system-out><![CDATA[2024-09-26T10:36:08.257+05:30  INFO 1304 --- [           main] o.s.b.t.m.w.SpringBootMockServletContext : Initializing Spring TestDispatcherServlet ''
2024-09-26T10:36:08.257+05:30  INFO 1304 --- [           main] o.s.t.web.servlet.TestDispatcherServlet  : Initializing Servlet ''
2024-09-26T10:36:08.258+05:30  INFO 1304 --- [           main] o.s.t.web.servlet.TestDispatcherServlet  : Completed initialization in 1 ms
]]></system-out>
  </testcase>
  <testcase name="listAllPatientsWithPagination" classname="com.orbit.care.care_orbit_hub.controller.PatientControllerIntegrationTest" time="0.015">
    <system-out><![CDATA[2024-09-26T10:36:08.272+05:30  INFO 1304 --- [           main] o.s.b.t.m.w.SpringBootMockServletContext : Initializing Spring TestDispatcherServlet ''
2024-09-26T10:36:08.272+05:30  INFO 1304 --- [           main] o.s.t.web.servlet.TestDispatcherServlet  : Initializing Servlet ''
2024-09-26T10:36:08.273+05:30  INFO 1304 --- [           main] o.s.t.web.servlet.TestDispatcherServlet  : Completed initialization in 1 ms
]]></system-out>
  </testcase>
  <testcase name="testDeletePatient" classname="com.orbit.care.care_orbit_hub.controller.PatientControllerIntegrationTest" time="0.006">
    <system-out><![CDATA[2024-09-26T10:36:08.290+05:30  INFO 1304 --- [           main] o.s.b.t.m.w.SpringBootMockServletContext : Initializing Spring TestDispatcherServlet ''
2024-09-26T10:36:08.290+05:30  INFO 1304 --- [           main] o.s.t.web.servlet.TestDispatcherServlet  : Initializing Servlet ''
2024-09-26T10:36:08.291+05:30  INFO 1304 --- [           main] o.s.t.web.servlet.TestDispatcherServlet  : Completed initialization in 1 ms
]]></system-out>
  </testcase>
  <testcase name="listAllPatientsByName" classname="com.orbit.care.care_orbit_hub.controller.PatientControllerIntegrationTest" time="0.014">
    <system-out><![CDATA[2024-09-26T10:36:08.296+05:30  INFO 1304 --- [           main] o.s.b.t.m.w.SpringBootMockServletContext : Initializing Spring TestDispatcherServlet ''
2024-09-26T10:36:08.296+05:30  INFO 1304 --- [           main] o.s.t.web.servlet.TestDispatcherServlet  : Initializing Servlet ''
2024-09-26T10:36:08.297+05:30  INFO 1304 --- [           main] o.s.t.web.servlet.TestDispatcherServlet  : Completed initialization in 1 ms
]]></system-out>
  </testcase>
  <testcase name="addPatient" classname="com.orbit.care.care_orbit_hub.controller.PatientControllerIntegrationTest" time="0.007">
    <system-out><![CDATA[2024-09-26T10:36:08.311+05:30  INFO 1304 --- [           main] o.s.b.t.m.w.SpringBootMockServletContext : Initializing Spring TestDispatcherServlet ''
2024-09-26T10:36:08.311+05:30  INFO 1304 --- [           main] o.s.t.web.servlet.TestDispatcherServlet  : Initializing Servlet ''
2024-09-26T10:36:08.312+05:30  INFO 1304 --- [           main] o.s.t.web.servlet.TestDispatcherServlet  : Completed initialization in 0 ms
2024-09-26T10:36:08.314+05:30  INFO 1304 --- [           main] o.c.c.c.PatientControllerIntegrationTest : saved location 7dbfad31-52e2-4f28-a860-d93dd3b79787
]]></system-out>
  </testcase>
  <testcase name="updatePatientForUnknownId" classname="com.orbit.care.care_orbit_hub.controller.PatientControllerIntegrationTest" time="0.025">
    <failure message="Unexpected exception type thrown, expected: &lt;com.orbit.care.care_orbit_hub.exception.NotFoundException&gt; but was: &lt;org.hibernate.LazyInitializationException&gt;" type="org.opentest4j.AssertionFailedError"><![CDATA[org.opentest4j.AssertionFailedError: Unexpected exception type thrown, expected: <com.orbit.care.care_orbit_hub.exception.NotFoundException> but was: <org.hibernate.LazyInitializationException>
	at org.junit.jupiter.api.AssertionFailureBuilder.build(AssertionFailureBuilder.java:151)
	at org.junit.jupiter.api.AssertThrows.assertThrows(AssertThrows.java:67)
	at org.junit.jupiter.api.AssertThrows.assertThrows(AssertThrows.java:35)
	at org.junit.jupiter.api.Assertions.assertThrows(Assertions.java:3115)
	at com.orbit.care.care_orbit_hub.controller.PatientControllerIntegrationTest.updatePatientForUnknownId(PatientControllerIntegrationTest.java:163)
	at java.base/java.lang.reflect.Method.invoke(Method.java:580)
	at java.base/java.util.ArrayList.forEach(ArrayList.java:1597)
	at java.base/java.util.ArrayList.forEach(ArrayList.java:1597)
Caused by: org.hibernate.LazyInitializationException: failed to lazily initialize a collection of role: com.orbit.care.care_orbit_hub.entity.PatientEntity.appointmentSet: could not initialize proxy - no Session
	at org.hibernate.collection.spi.AbstractPersistentCollection.throwLazyInitializationException(AbstractPersistentCollection.java:636)
	at org.hibernate.collection.spi.AbstractPersistentCollection.withTemporarySessionIfNeeded(AbstractPersistentCollection.java:219)
	at org.hibernate.collection.spi.AbstractPersistentCollection.readSize(AbstractPersistentCollection.java:150)
	at org.hibernate.collection.spi.PersistentSet.size(PersistentSet.java:148)
	at com.orbit.care.care_orbit_hub.mapper.PatientsMapperImpl.medicalAppointmentEntitySetToAppointmentDTOSet(PatientsMapperImpl.java:178)
	at com.orbit.care.care_orbit_hub.mapper.PatientsMapperImpl.mapPatientEntityToPatientDTO(PatientsMapperImpl.java:69)
	at java.base/java.util.stream.ReferencePipeline$3$1.accept(ReferencePipeline.java:212)
	at java.base/java.util.ArrayList$Itr.forEachRemaining(ArrayList.java:1086)
	at java.base/java.util.Spliterators$IteratorSpliterator.forEachRemaining(Spliterators.java:1939)
	at java.base/java.util.stream.AbstractPipeline.copyInto(AbstractPipeline.java:556)
	at java.base/java.util.stream.AbstractPipeline.wrapAndCopyInto(AbstractPipeline.java:546)
	at java.base/java.util.stream.ReduceOps$ReduceOp.evaluateSequential(ReduceOps.java:921)
	at java.base/java.util.stream.AbstractPipeline.evaluate(AbstractPipeline.java:265)
	at java.base/java.util.stream.ReferencePipeline.collect(ReferencePipeline.java:702)
	at org.springframework.data.domain.Chunk.getConvertedContent(Chunk.java:121)
	at org.springframework.data.domain.PageImpl.map(PageImpl.java:86)
	at com.orbit.care.care_orbit_hub.service.PatientServiceJpaImpl.listPatients(PatientServiceJpaImpl.java:50)
	at com.orbit.care.care_orbit_hub.controller.PatientController.listAllPatients(PatientController.java:43)
	at com.orbit.care.care_orbit_hub.controller.PatientControllerIntegrationTest.lambda$updatePatientForUnknownId$1(PatientControllerIntegrationTest.java:164)
	at org.junit.jupiter.api.AssertThrows.assertThrows(AssertThrows.java:53)
	... 6 more
]]></failure>
    <system-out><![CDATA[2024-09-26T10:36:08.319+05:30  INFO 1304 --- [           main] o.s.b.t.m.w.SpringBootMockServletContext : Initializing Spring TestDispatcherServlet ''
2024-09-26T10:36:08.319+05:30  INFO 1304 --- [           main] o.s.t.web.servlet.TestDispatcherServlet  : Initializing Servlet ''
2024-09-26T10:36:08.320+05:30  INFO 1304 --- [           main] o.s.t.web.servlet.TestDispatcherServlet  : Completed initialization in 1 ms
]]></system-out>
  </testcase>
  <testcase name="updatePatient" classname="com.orbit.care.care_orbit_hub.controller.PatientControllerIntegrationTest" time="0.008">
    <error message="failed to lazily initialize a collection of role: com.orbit.care.care_orbit_hub.entity.PatientEntity.appointmentSet: could not initialize proxy - no Session" type="org.hibernate.LazyInitializationException"><![CDATA[org.hibernate.LazyInitializationException: failed to lazily initialize a collection of role: com.orbit.care.care_orbit_hub.entity.PatientEntity.appointmentSet: could not initialize proxy - no Session
	at org.hibernate.collection.spi.AbstractPersistentCollection.throwLazyInitializationException(AbstractPersistentCollection.java:636)
	at org.hibernate.collection.spi.AbstractPersistentCollection.withTemporarySessionIfNeeded(AbstractPersistentCollection.java:219)
	at org.hibernate.collection.spi.AbstractPersistentCollection.readSize(AbstractPersistentCollection.java:150)
	at org.hibernate.collection.spi.PersistentSet.size(PersistentSet.java:148)
	at com.orbit.care.care_orbit_hub.mapper.PatientsMapperImpl.medicalAppointmentEntitySetToAppointmentDTOSet(PatientsMapperImpl.java:178)
	at com.orbit.care.care_orbit_hub.mapper.PatientsMapperImpl.mapPatientEntityToPatientDTO(PatientsMapperImpl.java:69)
	at java.base/java.util.stream.ReferencePipeline$3$1.accept(ReferencePipeline.java:212)
	at java.base/java.util.ArrayList$Itr.forEachRemaining(ArrayList.java:1086)
	at java.base/java.util.Spliterators$IteratorSpliterator.forEachRemaining(Spliterators.java:1939)
	at java.base/java.util.stream.AbstractPipeline.copyInto(AbstractPipeline.java:556)
	at java.base/java.util.stream.AbstractPipeline.wrapAndCopyInto(AbstractPipeline.java:546)
	at java.base/java.util.stream.ReduceOps$ReduceOp.evaluateSequential(ReduceOps.java:921)
	at java.base/java.util.stream.AbstractPipeline.evaluate(AbstractPipeline.java:265)
	at java.base/java.util.stream.ReferencePipeline.collect(ReferencePipeline.java:702)
	at org.springframework.data.domain.Chunk.getConvertedContent(Chunk.java:121)
	at org.springframework.data.domain.PageImpl.map(PageImpl.java:86)
	at com.orbit.care.care_orbit_hub.service.PatientServiceJpaImpl.listPatients(PatientServiceJpaImpl.java:50)
	at com.orbit.care.care_orbit_hub.controller.PatientController.listAllPatients(PatientController.java:43)
	at com.orbit.care.care_orbit_hub.controller.PatientControllerIntegrationTest.updatePatient(PatientControllerIntegrationTest.java:152)
	at java.base/java.lang.reflect.Method.invoke(Method.java:580)
	at java.base/java.util.ArrayList.forEach(ArrayList.java:1597)
	at java.base/java.util.ArrayList.forEach(ArrayList.java:1597)
]]></error>
    <system-out><![CDATA[2024-09-26T10:36:08.345+05:30  INFO 1304 --- [           main] o.s.b.t.m.w.SpringBootMockServletContext : Initializing Spring TestDispatcherServlet ''
2024-09-26T10:36:08.345+05:30  INFO 1304 --- [           main] o.s.t.web.servlet.TestDispatcherServlet  : Initializing Servlet ''
2024-09-26T10:36:08.346+05:30  INFO 1304 --- [           main] o.s.t.web.servlet.TestDispatcherServlet  : Completed initialization in 1 ms
]]></system-out>
  </testcase>
</testsuite>