<?xml version="1.0" encoding="UTF-8"?>
<testsuite xmlns:xsi="http://www.w3.org/2001/XMLSchema-instance" xsi:noNamespaceSchemaLocation="https://maven.apache.org/surefire/maven-surefire-plugin/xsd/surefire-test-report.xsd" version="3.0.2" name="com.orbit.care.care_orbit_hub.repository.MedicalAppointmentRepositoryTest" time="1.637" tests="1" errors="0" skipped="0" failures="0">
  <properties>
[...]
</properties>
  <testcase name="insertMedicalAppointmentRecord" classname="com.orbit.care.care_orbit_hub.repository.MedicalAppointmentRepositoryTest" time="0.039">
    <system-out><![CDATA[2024-09-26T10:36:10.075+05:30  INFO 1304 --- [           main] t.c.s.AnnotationConfigContextLoaderUtils : Could not detect default configuration classes for test class [com.orbit.care.care_orbit_hub.repository.MedicalAppointmentRepositoryTest]: MedicalAppointmentRepositoryTest does not declare any static, non-private, non-final, nested classes annotated with @Configuration.
2024-09-26T10:36:10.077+05:30  INFO 1304 --- [           main] .b.t.c.SpringBootTestContextBootstrapper : Found @SpringBootConfiguration com.orbit.care.care_orbit_hub.CareOrbitApplication for test class com.orbit.care.care_orbit_hub.repository.MedicalAppointmentRepositoryTest
2024-09-26T10:36:10.083+05:30  INFO 1304 --- [           main] o.s.b.d.r.RestartApplicationListener     : Restart disabled due to context in which it is running
   ____                  ___       _     _ _     _   _       _
  / ___|__ _ _ __ ___   / _ \ _ __| |__ (_) |_  | | | |_   _| |__
 | |   / _` | '__/ _ \ | | | | '__| '_ \| | __| | |_| | | | | '_ \
 | |__| (_| | | |  __/ | |_| | |  | |_) | | |_  |  _  | |_| | |_) |
  \____\__,_|_|  \___|  \___/|_|  |_.__/|_|\__| |_| |_|\__,_|_.__/
2024-09-26T10:36:10.107+05:30  INFO 1304 --- [           main] o.c.c.r.MedicalAppointmentRepositoryTest : Starting MedicalAppointmentRepositoryTest using Java 22.0.1 with PID 1304 (started by saira in C:\Work\spring-projects\care-orbit-hub)
2024-09-26T10:36:10.107+05:30  INFO 1304 --- [           main] o.c.c.r.MedicalAppointmentRepositoryTest : The following 1 profile is active: "test"
2024-09-26T10:36:10.536+05:30  INFO 1304 --- [           main] .s.d.r.c.RepositoryConfigurationDelegate : Bootstrapping Spring Data JPA repositories in DEFAULT mode.
2024-09-26T10:36:10.562+05:30  INFO 1304 --- [           main] .s.d.r.c.RepositoryConfigurationDelegate : Finished Spring Data repository scanning in 25 ms. Found 4 JPA repository interfaces.
2024-09-26T10:36:10.690+05:30  INFO 1304 --- [           main] com.zaxxer.hikari.HikariDataSource       : HikariPool-3 - Starting...
2024-09-26T10:36:10.693+05:30  INFO 1304 --- [           main] com.zaxxer.hikari.pool.HikariPool        : HikariPool-3 - Added connection conn26: url=jdbc:h2:mem:2cc5a8b3-adcf-40f1-88dc-203c03f9e70c user=SA
2024-09-26T10:36:10.693+05:30  INFO 1304 --- [           main] com.zaxxer.hikari.HikariDataSource       : HikariPool-3 - Start completed.
2024-09-26T10:36:10.694+05:30  INFO 1304 --- [           main] o.hibernate.jpa.internal.util.LogHelper  : HHH000204: Processing PersistenceUnitInfo [name: default]
2024-09-26T10:36:10.696+05:30  INFO 1304 --- [           main] o.h.c.internal.RegionFactoryInitiator    : HHH000026: Second-level cache disabled
2024-09-26T10:36:10.707+05:30  INFO 1304 --- [           main] o.s.o.j.p.SpringPersistenceUnitInfo      : No LoadTimeWeaver setup: ignoring JPA class transformer
2024-09-26T10:36:10.885+05:30  INFO 1304 --- [           main] o.h.e.t.j.p.i.JtaPlatformInitiator       : HHH000489: No JTA platform available (set 'hibernate.transaction.jta.platform' to enable JTA platform integration)
2024-09-26T10:36:10.906+05:30  INFO 1304 --- [           main] j.LocalContainerEntityManagerFactoryBean : Initialized JPA EntityManagerFactory for persistence unit 'default'
2024-09-26T10:36:11.143+05:30  WARN 1304 --- [           main] JpaBaseConfiguration$JpaWebConfiguration : spring.jpa.open-in-view is enabled by default. Therefore, database queries may be performed during view rendering. Explicitly configure spring.jpa.open-in-view to disable this warning
2024-09-26T10:36:11.606+05:30  INFO 1304 --- [           main] o.s.b.a.e.web.EndpointLinksResolver      : Exposing 1 endpoint beneath base path '/actuator'
2024-09-26T10:36:11.643+05:30  INFO 1304 --- [           main] o.c.c.r.MedicalAppointmentRepositoryTest : Started MedicalAppointmentRepositoryTest in 1.561 seconds (process running for 18.159)
]]></system-out>
  </testcase>
</testsuite>